<?xml version="1.0" encoding="UTF-8"?>
<testng-results ignored="0" total="1" passed="1" failed="0" skipped="0">
  <reporter-output>
  </reporter-output>
  <suite started-at="2025-01-04T21:34:21 IST" name="Default suite" finished-at="2025-01-04T21:34:26 IST" duration-ms="5189">
    <groups>
    </groups>
    <test started-at="2025-01-04T21:34:21 IST" name="Default test" finished-at="2025-01-04T21:34:26 IST" duration-ms="5189">
      <class name="com.test.Test_SoftAssert">
        <test-method signature="method1()[pri:0, instance:com.test.Test_SoftAssert@48aca48b]" started-at="2025-01-04T21:34:21 IST" name="method1" finished-at="2025-01-04T21:34:26 IST" duration-ms="5135" status="PASS">
          <reporter-output>
          </reporter-output>
        </test-method> <!-- method1 -->
      </class> <!-- com.test.Test_SoftAssert -->
    </test> <!-- Default test -->
  </suite> <!-- Default suite -->
</testng-results>
